

times in msec
 clock   self+sourced   self:  sourced script
 clock   elapsed:              other lines

000.014  000.014: --- VIM STARTING ---
000.259  000.245: Allocated generic buffers
000.390  000.131: locale set
000.431  000.041: GUI prepared
000.435  000.004: clipboard setup
000.446  000.011: window checked
001.528  001.082: inits 1
001.541  000.013: parsing arguments
001.543  000.002: expanding arguments
001.569  000.026: shell init
003.885  002.316: xsmp init
004.409  000.524: Termcap init
004.514  000.105: inits 2
004.664  000.150: init highlight
005.644  000.466  000.466: sourcing /usr/share/vim/vim74/debian.vim
007.491  000.497  000.497: sourcing /usr/share/vim/vim74/syntax/syncolor.vim
007.768  001.293  000.796: sourcing /usr/share/vim/vim74/syntax/synload.vim
033.508  025.347  025.347: sourcing /usr/share/vim/vim74/filetype.vim
033.642  027.600  000.960: sourcing /usr/share/vim/vim74/syntax/syntax.vim
033.711  028.981  000.915: sourcing $VIM/vimrc
036.408  000.513  000.513: sourcing /home/rjr/.vim/autoload/pathogen.vim
073.101  001.121  001.121: sourcing /usr/share/vim/vim74/ftoff.vim
110.771  000.179  000.179: sourcing /home/rjr/.vim/bundle/ultisnips/ftdetect/UltiSnips.vim
110.910  000.063  000.063: sourcing /home/rjr/.vim/bundle/ultisnips/ftdetect/snippets.vim
114.218  035.219  034.977: sourcing /usr/share/vim/vim74/filetype.vim
115.886  000.606  000.606: sourcing /usr/share/vim/vim74/syntax/nosyntax.vim
121.725  000.471  000.471: sourcing /usr/share/vim/vim74/syntax/syncolor.vim
123.458  002.792  002.321: sourcing /usr/share/vim/vim74/syntax/synload.vim
123.494  008.311  004.913: sourcing /usr/share/vim/vim74/syntax/syntax.vim
123.607  000.009  000.009: sourcing /usr/share/vim/vim74/filetype.vim
127.870  000.164  000.164: sourcing /usr/share/vim/vim74/ftplugin.vim
132.396  000.060  000.060: sourcing /usr/share/vim/vim74/indent.vim
133.866  000.435  000.435: sourcing /usr/share/vim/vim74/syntax/syncolor.vim
137.527  000.151  000.151: sourcing /usr/share/vim/vim74/syntax/syncolor.vim
137.869  000.145  000.145: sourcing /usr/share/vim/vim74/syntax/syncolor.vim
140.039  003.357  003.061: sourcing /home/rjr/.vim/bundle/solarized/colors/solarized.vim
141.503  107.155  057.966: sourcing $HOME/.vimrc
141.530  000.730: sourcing vimrc file(s)
146.980  002.698  002.698: sourcing /home/rjr/.vim/bundle/YouCompleteMe/plugin/youcompleteme.vim
149.781  000.444  000.444: sourcing /home/rjr/.vim/bundle/command-t/plugin/command-t.vim
151.972  000.154  000.154: sourcing /home/rjr/.vim/bundle/gundo/plugin/gundo.vim
174.796  000.287  000.287: sourcing /home/rjr/.vim/bundle/ultisnips/autoload/UltiSnips/map_keys.vim
175.103  020.557  020.270: sourcing /home/rjr/.vim/bundle/ultisnips/plugin/UltiSnips.vim
179.210  001.854  001.854: sourcing /home/rjr/.vim/bundle/vim-abolish/plugin/abolish.vim
182.657  000.949  000.949: sourcing /home/rjr/.vim/bundle/vim-exchange/plugin/exchange.vim
211.443  026.145  026.145: sourcing /home/rjr/.vim/bundle/vim-fugitive/plugin/fugitive.vim
218.676  004.512  004.512: sourcing /home/rjr/.vim/bundle/vim-unimpaired/plugin/unimpaired.vim
220.681  000.211  000.211: sourcing /home/rjr/.vim/bundle/vim-visual-star-search/plugin/visual-star-search.vim
221.678  000.192  000.192: sourcing /usr/share/vim/vim74/plugin/getscriptPlugin.vim
222.381  000.635  000.635: sourcing /usr/share/vim/vim74/plugin/gzip.vim
222.900  000.451  000.451: sourcing /usr/share/vim/vim74/plugin/matchparen.vim
224.242  001.280  001.280: sourcing /usr/share/vim/vim74/plugin/netrwPlugin.vim
224.437  000.101  000.101: sourcing /usr/share/vim/vim74/plugin/rrhelper.vim
224.583  000.070  000.070: sourcing /usr/share/vim/vim74/plugin/spellfile.vim
225.059  000.401  000.401: sourcing /usr/share/vim/vim74/plugin/tarPlugin.vim
225.398  000.258  000.258: sourcing /usr/share/vim/vim74/plugin/tohtml.vim
225.883  000.389  000.389: sourcing /usr/share/vim/vim74/plugin/vimballPlugin.vim
226.713  000.596  000.596: sourcing /usr/share/vim/vim74/plugin/zipPlugin.vim
229.960  000.362  000.362: sourcing /home/rjr/.vim/bundle/ultisnips/after/plugin/UltiSnips_after.vim
230.035  026.246: loading plugins
231.970  001.935: inits 3
234.186  002.216: reading viminfo
242.977  008.791: setup clipboard
243.000  000.023: setting raw mode
243.039  000.039: start termcap
243.161  000.122: clearing screen
245.358  002.197: opening buffers
245.452  000.094: BufEnter autocommands
245.464  000.012: editing files in windows
271.044  023.518  023.518: sourcing /home/rjr/.vim/bundle/YouCompleteMe/autoload/youcompleteme.vim
4503.608  4234.626: VimEnter autocommands
4503.621  000.013: before starting main loop
4503.916  000.295: first screen update
4503.920  000.004: --- VIM STARTED ---


times in msec
 clock   self+sourced   self:  sourced script
 clock   elapsed:              other lines

000.014  000.014: --- VIM STARTING ---
000.232  000.218: Allocated generic buffers
000.351  000.119: locale set
000.389  000.038: GUI prepared
000.393  000.004: clipboard setup
000.403  000.010: window checked
001.518  001.115: inits 1
001.530  000.012: parsing arguments
001.532  000.002: expanding arguments
001.559  000.027: shell init
003.312  001.753: xsmp init
003.848  000.536: Termcap init
003.940  000.092: inits 2
004.191  000.251: init highlight
004.954  000.522  000.522: sourcing /usr/share/vim/vim74/debian.vim
005.860  000.479  000.479: sourcing /usr/share/vim/vim74/syntax/syncolor.vim
006.135  000.900  000.421: sourcing /usr/share/vim/vim74/syntax/synload.vim
028.570  022.303  022.303: sourcing /usr/share/vim/vim74/filetype.vim
028.636  023.548  000.345: sourcing /usr/share/vim/vim74/syntax/syntax.vim
028.671  024.379  000.309: sourcing $VIM/vimrc
029.469  000.410  000.410: sourcing /home/rjr/.vim/autoload/pathogen.vim
038.811  000.951  000.951: sourcing /usr/share/vim/vim74/ftoff.vim
059.700  000.169  000.169: sourcing /home/rjr/.vim/bundle/ultisnips/ftdetect/UltiSnips.vim
060.007  000.156  000.156: sourcing /home/rjr/.vim/bundle/ultisnips/ftdetect/snippets.vim
060.655  021.113  020.788: sourcing /usr/share/vim/vim74/filetype.vim
061.439  000.386  000.386: sourcing /usr/share/vim/vim74/syntax/nosyntax.vim
062.507  000.438  000.438: sourcing /usr/share/vim/vim74/syntax/syncolor.vim
062.799  001.048  000.610: sourcing /usr/share/vim/vim74/syntax/synload.vim
062.885  001.930  000.496: sourcing /usr/share/vim/vim74/syntax/syntax.vim
063.181  000.024  000.024: sourcing /usr/share/vim/vim74/filetype.vim
063.602  000.099  000.099: sourcing /usr/share/vim/vim74/ftplugin.vim
064.008  000.088  000.088: sourcing /usr/share/vim/vim74/indent.vim
065.115  000.511  000.511: sourcing /usr/share/vim/vim74/syntax/syncolor.vim
067.895  000.445  000.445: sourcing /usr/share/vim/vim74/syntax/syncolor.vim
068.902  000.482  000.482: sourcing /usr/share/vim/vim74/syntax/syncolor.vim
074.811  009.292  008.365: sourcing /home/rjr/.vim/bundle/solarized/colors/solarized.vim
076.275  047.394  012.976: sourcing $HOME/.vimrc
076.312  000.348: sourcing vimrc file(s)
078.959  001.425  001.425: sourcing /home/rjr/.vim/bundle/YouCompleteMe/plugin/youcompleteme.vim
080.572  000.440  000.440: sourcing /home/rjr/.vim/bundle/command-t/plugin/command-t.vim
081.754  000.180  000.180: sourcing /home/rjr/.vim/bundle/gundo/plugin/gundo.vim
083.582  000.178  000.178: sourcing /home/rjr/.vim/bundle/ultisnips/autoload/UltiSnips/map_keys.vim
083.728  000.839  000.661: sourcing /home/rjr/.vim/bundle/ultisnips/plugin/UltiSnips.vim
086.673  001.723  001.723: sourcing /home/rjr/.vim/bundle/vim-abolish/plugin/abolish.vim
088.556  000.647  000.647: sourcing /home/rjr/.vim/bundle/vim-exchange/plugin/exchange.vim
096.314  006.499  006.499: sourcing /home/rjr/.vim/bundle/vim-fugitive/plugin/fugitive.vim
103.717  006.128  006.128: sourcing /home/rjr/.vim/bundle/vim-unimpaired/plugin/unimpaired.vim
105.129  000.156  000.156: sourcing /home/rjr/.vim/bundle/vim-visual-star-search/plugin/visual-star-search.vim
105.460  000.084  000.084: sourcing /usr/share/vim/vim74/plugin/getscriptPlugin.vim
105.741  000.252  000.252: sourcing /usr/share/vim/vim74/plugin/gzip.vim
105.959  000.188  000.188: sourcing /usr/share/vim/vim74/plugin/matchparen.vim
106.519  000.532  000.532: sourcing /usr/share/vim/vim74/plugin/netrwPlugin.vim
106.604  000.043  000.043: sourcing /usr/share/vim/vim74/plugin/rrhelper.vim
106.669  000.031  000.031: sourcing /usr/share/vim/vim74/plugin/spellfile.vim
106.887  000.183  000.183: sourcing /usr/share/vim/vim74/plugin/tarPlugin.vim
107.029  000.099  000.099: sourcing /usr/share/vim/vim74/plugin/tohtml.vim
107.230  000.163  000.163: sourcing /usr/share/vim/vim74/plugin/vimballPlugin.vim
107.483  000.210  000.210: sourcing /usr/share/vim/vim74/plugin/zipPlugin.vim
109.018  000.221  000.221: sourcing /home/rjr/.vim/bundle/ultisnips/after/plugin/UltiSnips_after.vim
109.052  012.697: loading plugins
110.360  001.308: inits 3
112.595  002.235: reading viminfo
117.210  004.615: setup clipboard
117.227  000.017: setting raw mode
117.252  000.025: start termcap
117.463  000.211: clearing screen
119.012  001.549: opening buffers
119.050  000.038: BufEnter autocommands
119.054  000.004: editing files in windows
137.165  017.961  017.961: sourcing /home/rjr/.vim/bundle/YouCompleteMe/autoload/youcompleteme.vim
3160.400  3023.385: VimEnter autocommands
3160.410  000.010: before starting main loop
3160.761  000.351: first screen update
3160.767  000.006: --- VIM STARTED ---


times in msec
 clock   self+sourced   self:  sourced script
 clock   elapsed:              other lines

000.013  000.013: --- VIM STARTING ---
000.204  000.191: Allocated generic buffers
000.332  000.128: locale set
000.370  000.038: GUI prepared
000.374  000.004: clipboard setup
000.385  000.011: window checked
001.104  000.719: inits 1
001.111  000.007: parsing arguments
001.112  000.001: expanding arguments
001.127  000.015: shell init
002.829  001.702: xsmp init
003.343  000.514: Termcap init
003.444  000.101: inits 2
003.735  000.291: init highlight
004.868  000.277  000.277: sourcing /usr/share/vim/vim74/debian.vim
007.134  000.323  000.323: sourcing /usr/share/vim/vim74/syntax/syncolor.vim
007.308  001.014  000.691: sourcing /usr/share/vim/vim74/syntax/synload.vim
032.900  024.840  024.840: sourcing /usr/share/vim/vim74/filetype.vim
032.961  027.386  001.532: sourcing /usr/share/vim/vim74/syntax/syntax.vim
032.989  029.146  001.483: sourcing $VIM/vimrc
035.434  001.112  001.112: sourcing /home/rjr/.vim/autoload/pathogen.vim
042.925  000.539  000.539: sourcing /usr/share/vim/vim74/ftoff.vim
068.606  000.183  000.183: sourcing /home/rjr/.vim/bundle/ultisnips/ftdetect/UltiSnips.vim
068.932  000.145  000.145: sourcing /home/rjr/.vim/bundle/ultisnips/ftdetect/snippets.vim
069.541  025.848  025.520: sourcing /usr/share/vim/vim74/filetype.vim
070.331  000.386  000.386: sourcing /usr/share/vim/vim74/syntax/nosyntax.vim
071.442  000.441  000.441: sourcing /usr/share/vim/vim74/syntax/syncolor.vim
071.735  001.093  000.652: sourcing /usr/share/vim/vim74/syntax/synload.vim
071.822  001.977  000.498: sourcing /usr/share/vim/vim74/syntax/syntax.vim
072.120  000.025  000.025: sourcing /usr/share/vim/vim74/filetype.vim
073.618  000.040  000.040: sourcing /usr/share/vim/vim74/ftplugin.vim
075.115  000.098  000.098: sourcing /usr/share/vim/vim74/indent.vim
076.185  000.426  000.426: sourcing /usr/share/vim/vim74/syntax/syncolor.vim
080.259  000.444  000.444: sourcing /usr/share/vim/vim74/syntax/syncolor.vim
081.198  000.419  000.419: sourcing /usr/share/vim/vim74/syntax/syncolor.vim
087.315  009.517  008.654: sourcing /home/rjr/.vim/bundle/solarized/colors/solarized.vim
088.724  055.066  015.484: sourcing $HOME/.vimrc
089.265  001.318: sourcing vimrc file(s)
093.318  001.561  001.561: sourcing /home/rjr/.vim/bundle/YouCompleteMe/plugin/youcompleteme.vim
095.044  000.536  000.536: sourcing /home/rjr/.vim/bundle/command-t/plugin/command-t.vim
096.406  000.146  000.146: sourcing /home/rjr/.vim/bundle/gundo/plugin/gundo.vim
098.294  000.268  000.268: sourcing /home/rjr/.vim/bundle/ultisnips/autoload/UltiSnips/map_keys.vim
098.558  000.927  000.659: sourcing /home/rjr/.vim/bundle/ultisnips/plugin/UltiSnips.vim
100.755  000.965  000.965: sourcing /home/rjr/.vim/bundle/vim-abolish/plugin/abolish.vim
102.563  000.589  000.589: sourcing /home/rjr/.vim/bundle/vim-exchange/plugin/exchange.vim
109.741  005.950  005.950: sourcing /home/rjr/.vim/bundle/vim-fugitive/plugin/fugitive.vim
118.476  007.496  007.496: sourcing /home/rjr/.vim/bundle/vim-unimpaired/plugin/unimpaired.vim
119.988  000.221  000.221: sourcing /home/rjr/.vim/bundle/vim-visual-star-search/plugin/visual-star-search.vim
120.662  000.163  000.163: sourcing /usr/share/vim/vim74/plugin/getscriptPlugin.vim
121.213  000.492  000.492: sourcing /usr/share/vim/vim74/plugin/gzip.vim
121.671  000.402  000.402: sourcing /usr/share/vim/vim74/plugin/matchparen.vim
122.851  001.125  001.125: sourcing /usr/share/vim/vim74/plugin/netrwPlugin.vim
123.040  000.093  000.093: sourcing /usr/share/vim/vim74/plugin/rrhelper.vim
123.173  000.064  000.064: sourcing /usr/share/vim/vim74/plugin/spellfile.vim
123.620  000.368  000.368: sourcing /usr/share/vim/vim74/plugin/tarPlugin.vim
123.901  000.208  000.208: sourcing /usr/share/vim/vim74/plugin/tohtml.vim
124.353  000.381  000.381: sourcing /usr/share/vim/vim74/plugin/vimballPlugin.vim
124.875  000.433  000.433: sourcing /usr/share/vim/vim74/plugin/zipPlugin.vim
126.577  000.306  000.306: sourcing /home/rjr/.vim/bundle/ultisnips/after/plugin/UltiSnips_after.vim
126.646  014.955: loading plugins
128.225  001.579: inits 3
129.710  001.485: reading viminfo
135.121  005.411: setup clipboard
135.151  000.030: setting raw mode
135.187  000.036: start termcap
135.300  000.113: clearing screen
137.330  002.030: opening buffers
137.391  000.061: BufEnter autocommands
137.398  000.007: editing files in windows
158.301  020.620  020.620: sourcing /home/rjr/.vim/bundle/YouCompleteMe/autoload/youcompleteme.vim
5717.539  5559.521: VimEnter autocommands
5717.551  000.012: before starting main loop
5717.797  000.246: first screen update
5717.800  000.003: --- VIM STARTED ---
